<?xml version="1.0" encoding="UTF-8"?>
<testsuite xmlns:xsi="http://www.w3.org/2001/XMLSchema-instance" xsi:noNamespaceSchemaLocation="https://maven.apache.org/surefire/maven-surefire-plugin/xsd/surefire-test-report-3.0.xsd" version="3.0" name="com.githani.nilai.NilaiApplicationTests" time="3.841" tests="1" errors="0" skipped="0" failures="0">
  <properties>
[...]
</properties>
  <testcase name="contextLoads" classname="com.githani.nilai.NilaiApplicationTests" time="0.43">
    <system-out><![CDATA[16:27:23.091 [main] INFO org.springframework.test.context.support.AnnotationConfigContextLoaderUtils -- Could not detect default configuration classes for test class [com.githani.nilai.NilaiApplicationTests]: NilaiApplicationTests does not declare any static, non-private, non-final, nested classes annotated with @Configuration.
16:27:23.168 [main] INFO org.springframework.boot.test.context.SpringBootTestContextBootstrapper -- Found @SpringBootConfiguration com.githani.nilai.NilaiApplication for test class com.githani.nilai.NilaiApplicationTests

  .   ____          _            __ _ _
 /\\ / ___'_ __ _ _(_)_ __  __ _ \ \ \ \
( ( )\___ | '_ | '_| | '_ \/ _` | \ \ \ \
 \\/  ___)| |_)| | | | | || (_| |  ) ) ) )
  '  |____| .__|_| |_|_| |_\__, | / / / /
 =========|_|==============|___/=/_/_/_/
 :: Spring Boot ::                (v3.2.0)

2023-12-20T16:27:23.496+07:00  INFO 3712 --- [           main] c.githani.nilai.NilaiApplicationTests    : Starting NilaiApplicationTests using Java 17.0.9 with PID 3712 (started by Asus in D:\SEMESTER5\Sister Praktek\nilai)
2023-12-20T16:27:23.498+07:00  INFO 3712 --- [           main] c.githani.nilai.NilaiApplicationTests    : No active profile set, falling back to 1 default profile: "default"
2023-12-20T16:27:24.039+07:00  INFO 3712 --- [           main] .s.d.r.c.RepositoryConfigurationDelegate : Bootstrapping Spring Data JPA repositories in DEFAULT mode.
2023-12-20T16:27:24.105+07:00  INFO 3712 --- [           main] .s.d.r.c.RepositoryConfigurationDelegate : Finished Spring Data repository scanning in 57 ms. Found 1 JPA repository interface.
2023-12-20T16:27:24.534+07:00  INFO 3712 --- [           main] o.hibernate.jpa.internal.util.LogHelper  : HHH000204: Processing PersistenceUnitInfo [name: default]
2023-12-20T16:27:24.587+07:00  INFO 3712 --- [           main] org.hibernate.Version                    : HHH000412: Hibernate ORM core version 6.3.1.Final
2023-12-20T16:27:24.618+07:00  INFO 3712 --- [           main] o.h.c.internal.RegionFactoryInitiator    : HHH000026: Second-level cache disabled
2023-12-20T16:27:24.880+07:00  INFO 3712 --- [           main] o.s.o.j.p.SpringPersistenceUnitInfo      : No LoadTimeWeaver setup: ignoring JPA class transformer
2023-12-20T16:27:24.901+07:00  INFO 3712 --- [           main] com.zaxxer.hikari.HikariDataSource       : HikariPool-1 - Starting...
2023-12-20T16:27:25.060+07:00  INFO 3712 --- [           main] com.zaxxer.hikari.pool.HikariPool        : HikariPool-1 - Added connection com.mysql.cj.jdbc.ConnectionImpl@3ef3f661
2023-12-20T16:27:25.062+07:00  INFO 3712 --- [           main] com.zaxxer.hikari.HikariDataSource       : HikariPool-1 - Start completed.
2023-12-20T16:27:25.096+07:00  WARN 3712 --- [           main] org.hibernate.dialect.Dialect            : HHH000511: The 5.5.0 version for [org.hibernate.dialect.MySQLDialect] is no longer supported, hence certain features may not work properly. The minimum supported version is 5.7.0. Check the community dialects project for available legacy versions.
2023-12-20T16:27:25.100+07:00  WARN 3712 --- [           main] org.hibernate.orm.deprecation            : HHH90000025: MySQLDialect does not need to be specified explicitly using 'hibernate.dialect' (remove the property setting and it will be selected by default)
2023-12-20T16:27:25.684+07:00  INFO 3712 --- [           main] o.h.e.t.j.p.i.JtaPlatformInitiator       : HHH000489: No JTA platform available (set 'hibernate.transaction.jta.platform' to enable JTA platform integration)
Hibernate: drop table if exists nilai
Hibernate: create table nilai (nilai integer not null, id bigint not null auto_increment, idmahasiswa bigint, idmatakuliah bigint, primary key (id)) engine=InnoDB
2023-12-20T16:27:25.719+07:00  INFO 3712 --- [           main] j.LocalContainerEntityManagerFactoryBean : Initialized JPA EntityManagerFactory for persistence unit 'default'
2023-12-20T16:27:26.051+07:00  WARN 3712 --- [           main] JpaBaseConfiguration$JpaWebConfiguration : spring.jpa.open-in-view is enabled by default. Therefore, database queries may be performed during view rendering. Explicitly configure spring.jpa.open-in-view to disable this warning
2023-12-20T16:27:26.360+07:00  INFO 3712 --- [           main] c.githani.nilai.NilaiApplicationTests    : Started NilaiApplicationTests in 3.074 seconds (process running for 3.955)
]]></system-out>
  </testcase>
</testsuite>